Determining if the pthread_create exist failed with the following output:
Change Dir: /home/stephen/Documents/mathprograms/sdlGamedev/build/CMakeFiles/CMakeTmp

Run Build Command(s):/usr/bin/make cmTC_eb4b2/fast 
/usr/bin/make -f CMakeFiles/cmTC_eb4b2.dir/build.make CMakeFiles/cmTC_eb4b2.dir/build
make[1]: Entering directory '/home/stephen/Documents/mathprograms/sdlGamedev/build/CMakeFiles/CMakeTmp'
Building C object CMakeFiles/cmTC_eb4b2.dir/CheckSymbolExists.c.o
/usr/bin/cc    -o CMakeFiles/cmTC_eb4b2.dir/CheckSymbolExists.c.o   -c /home/stephen/Documents/mathprograms/sdlGamedev/build/CMakeFiles/CMakeTmp/CheckSymbolExists.c
Linking C executable cmTC_eb4b2
/usr/local/bin/cmake -E cmake_link_script CMakeFiles/cmTC_eb4b2.dir/link.txt --verbose=1
/usr/bin/cc      CMakeFiles/cmTC_eb4b2.dir/CheckSymbolExists.c.o  -o cmTC_eb4b2 
CMakeFiles/cmTC_eb4b2.dir/CheckSymbolExists.c.o: In function `main':
CheckSymbolExists.c:(.text+0x16): undefined reference to `pthread_create'
collect2: error: ld returned 1 exit status
CMakeFiles/cmTC_eb4b2.dir/build.make:86: recipe for target 'cmTC_eb4b2' failed
make[1]: *** [cmTC_eb4b2] Error 1
make[1]: Leaving directory '/home/stephen/Documents/mathprograms/sdlGamedev/build/CMakeFiles/CMakeTmp'
Makefile:121: recipe for target 'cmTC_eb4b2/fast' failed
make: *** [cmTC_eb4b2/fast] Error 2

File /home/stephen/Documents/mathprograms/sdlGamedev/build/CMakeFiles/CMakeTmp/CheckSymbolExists.c:
/* */
#include <pthread.h>

int main(int argc, char** argv)
{
  (void)argv;
#ifndef pthread_create
  return ((int*)(&pthread_create))[argc];
#else
  (void)argc;
  return 0;
#endif
}

Determining if the function pthread_create exists in the pthreads failed with the following output:
Change Dir: /home/stephen/Documents/mathprograms/sdlGamedev/build/CMakeFiles/CMakeTmp

Run Build Command(s):/usr/bin/make cmTC_48e93/fast 
/usr/bin/make -f CMakeFiles/cmTC_48e93.dir/build.make CMakeFiles/cmTC_48e93.dir/build
make[1]: Entering directory '/home/stephen/Documents/mathprograms/sdlGamedev/build/CMakeFiles/CMakeTmp'
Building C object CMakeFiles/cmTC_48e93.dir/CheckFunctionExists.c.o
/usr/bin/cc   -DCHECK_FUNCTION_EXISTS=pthread_create   -o CMakeFiles/cmTC_48e93.dir/CheckFunctionExists.c.o   -c /usr/local/share/cmake-3.14/Modules/CheckFunctionExists.c
Linking C executable cmTC_48e93
/usr/local/bin/cmake -E cmake_link_script CMakeFiles/cmTC_48e93.dir/link.txt --verbose=1
/usr/bin/cc  -DCHECK_FUNCTION_EXISTS=pthread_create    CMakeFiles/cmTC_48e93.dir/CheckFunctionExists.c.o  -o cmTC_48e93 -lpthreads 
/usr/bin/ld: cannot find -lpthreads
collect2: error: ld returned 1 exit status
CMakeFiles/cmTC_48e93.dir/build.make:86: recipe for target 'cmTC_48e93' failed
make[1]: *** [cmTC_48e93] Error 1
make[1]: Leaving directory '/home/stephen/Documents/mathprograms/sdlGamedev/build/CMakeFiles/CMakeTmp'
Makefile:121: recipe for target 'cmTC_48e93/fast' failed
make: *** [cmTC_48e93/fast] Error 2


